<?xml version="1.0" encoding="UTF-8"?>
<!-- Generated by org.testng.reporters.JUnitReportReporter -->
<testsuite skipped="0" hostname="DESKTOP-OMMHC59" name="APIRequests.GETUsers" tests="1" failures="0" timestamp="2021-08-26T19:51:06 IST" time="6.581" errors="0">
  <testcase name="POSTCreateuser" time="6.581" classname="APIRequests.GETUsers"/>
  <system-out/>
</testsuite> <!-- APIRequests.GETUsers -->
